INFO 2019-12-03 21:44:03,360 root : Сервер доступний. Час на сервері: 2019-12-03T19:44:03.317
INFO 2019-12-03 21:44:03,360 root : Запитувана сторінка: : /health/
INFO 2019-12-03 21:44:03,360 root : Відповідь сервера місти наступні поля:
INFO 2019-12-03 21:44:03,360 root : Ключ: date, Значення: 2019-12-03T19:44:03.317
INFO 2019-12-03 21:44:03,360 root : Ключ: current_page, Значення: /health/
INFO 2019-12-03 21:44:03,360 root : Ключ: server_info, Значення: {'system': 'Linux', 'version': '#40~18.04.1-Ubuntu SMP Thu Nov 14 12:06:39 UTC 2019', 'release': '5.0.0-37-generic', 'network name': 'lesiuk-VirtualBox', 'machine': 'x86_64', 'processor': 'x86_64'}
INFO 2019-12-03 21:44:03,361 root : Ключ: client_info, Значення: python-requests/2.22.0
INFO 2019-12-03 21:45:03,468 root : Сервер доступний. Час на сервері: 2019-12-03T19:45:03.426
INFO 2019-12-03 21:45:03,469 root : Запитувана сторінка: : /health/
INFO 2019-12-03 21:45:03,469 root : Відповідь сервера місти наступні поля:
INFO 2019-12-03 21:45:03,469 root : Ключ: date, Значення: 2019-12-03T19:45:03.426
INFO 2019-12-03 21:45:03,469 root : Ключ: current_page, Значення: /health/
INFO 2019-12-03 21:45:03,469 root : Ключ: server_info, Значення: {'system': 'Linux', 'version': '#40~18.04.1-Ubuntu SMP Thu Nov 14 12:06:39 UTC 2019', 'release': '5.0.0-37-generic', 'network name': 'lesiuk-VirtualBox', 'machine': 'x86_64', 'processor': 'x86_64'}
INFO 2019-12-03 21:45:03,469 root : Ключ: client_info, Значення: python-requests/2.22.0
INFO 2019-12-03 21:46:03,586 root : Сервер доступний. Час на сервері: 2019-12-03T19:46:03.541
INFO 2019-12-03 21:46:03,587 root : Запитувана сторінка: : /health/
INFO 2019-12-03 21:46:03,587 root : Відповідь сервера місти наступні поля:
INFO 2019-12-03 21:46:03,587 root : Ключ: date, Значення: 2019-12-03T19:46:03.541
INFO 2019-12-03 21:46:03,587 root : Ключ: current_page, Значення: /health/
INFO 2019-12-03 21:46:03,587 root : Ключ: server_info, Значення: {'system': 'Linux', 'version': '#40~18.04.1-Ubuntu SMP Thu Nov 14 12:06:39 UTC 2019', 'release': '5.0.0-37-generic', 'network name': 'lesiuk-VirtualBox', 'machine': 'x86_64', 'processor': 'x86_64'}
INFO 2019-12-03 21:46:03,587 root : Ключ: client_info, Значення: python-requests/2.22.0
INFO 2019-12-03 21:47:03,696 root : Сервер доступний. Час на сервері: 2019-12-03T19:47:03.654
INFO 2019-12-03 21:47:03,697 root : Запитувана сторінка: : /health/
INFO 2019-12-03 21:47:03,697 root : Відповідь сервера місти наступні поля:
INFO 2019-12-03 21:47:03,697 root : Ключ: date, Значення: 2019-12-03T19:47:03.654
INFO 2019-12-03 21:47:03,697 root : Ключ: current_page, Значення: /health/
INFO 2019-12-03 21:47:03,697 root : Ключ: server_info, Значення: {'system': 'Linux', 'version': '#40~18.04.1-Ubuntu SMP Thu Nov 14 12:06:39 UTC 2019', 'release': '5.0.0-37-generic', 'network name': 'lesiuk-VirtualBox', 'machine': 'x86_64', 'processor': 'x86_64'}
INFO 2019-12-03 21:47:03,697 root : Ключ: client_info, Значення: python-requests/2.22.0
INFO 2019-12-03 21:48:03,808 root : Сервер доступний. Час на сервері: 2019-12-03T19:48:03.765
INFO 2019-12-03 21:48:03,809 root : Запитувана сторінка: : /health/
INFO 2019-12-03 21:48:03,809 root : Відповідь сервера місти наступні поля:
INFO 2019-12-03 21:48:03,809 root : Ключ: date, Значення: 2019-12-03T19:48:03.765
INFO 2019-12-03 21:48:03,809 root : Ключ: current_page, Значення: /health/
INFO 2019-12-03 21:48:03,809 root : Ключ: server_info, Значення: {'system': 'Linux', 'version': '#40~18.04.1-Ubuntu SMP Thu Nov 14 12:06:39 UTC 2019', 'release': '5.0.0-37-generic', 'network name': 'lesiuk-VirtualBox', 'machine': 'x86_64', 'processor': 'x86_64'}
INFO 2019-12-03 21:48:03,810 root : Ключ: client_info, Значення: python-requests/2.22.0
ERROR 2019-12-03 21:52:18,331 root : Сервер недоступний. Помилка: HTTPConnectionPool(host='localhost', port=8000): Max retries exceeded with url: /health (Caused by NewConnectionError('<urllib3.connection.HTTPConnection object at 0x7fa5fa54ed10>: Failed to establish a new connection: [Errno 111] Connection refused'))
ERROR 2019-12-03 21:53:18,391 root : Сервер недоступний. Помилка: HTTPConnectionPool(host='localhost', port=8000): Max retries exceeded with url: /health (Caused by NewConnectionError('<urllib3.connection.HTTPConnection object at 0x7fa5fb1afad0>: Failed to establish a new connection: [Errno 111] Connection refused'))
INFO 2019-12-03 21:54:18,524 root : Сервер доступний. Час на сервері: 2019-12-03T19:54:18.472
INFO 2019-12-03 21:54:18,525 root : Запитувана сторінка: : /health/
INFO 2019-12-03 21:54:18,525 root : Відповідь сервера місти наступні поля:
INFO 2019-12-03 21:54:18,525 root : Ключ: date, Значення: 2019-12-03T19:54:18.472
INFO 2019-12-03 21:54:18,525 root : Ключ: current_page, Значення: /health/
INFO 2019-12-03 21:54:18,525 root : Ключ: server_info, Значення: {'system': 'Linux', 'version': '#40~18.04.1-Ubuntu SMP Thu Nov 14 12:06:39 UTC 2019', 'release': '5.0.0-37-generic', 'network name': 'lesiuk-VirtualBox', 'machine': 'x86_64', 'processor': 'x86_64'}
INFO 2019-12-03 21:54:18,525 root : Ключ: client_info, Значення: python-requests/2.22.0
INFO 2019-12-03 21:55:18,640 root : Сервер доступний. Час на сервері: 2019-12-03T19:55:18.596
INFO 2019-12-03 21:55:18,640 root : Запитувана сторінка: : /health/
INFO 2019-12-03 21:55:18,640 root : Відповідь сервера місти наступні поля:
INFO 2019-12-03 21:55:18,640 root : Ключ: date, Значення: 2019-12-03T19:55:18.596
INFO 2019-12-03 21:55:18,641 root : Ключ: current_page, Значення: /health/
INFO 2019-12-03 21:55:18,641 root : Ключ: server_info, Значення: {'system': 'Linux', 'version': '#40~18.04.1-Ubuntu SMP Thu Nov 14 12:06:39 UTC 2019', 'release': '5.0.0-37-generic', 'network name': 'lesiuk-VirtualBox', 'machine': 'x86_64', 'processor': 'x86_64'}
INFO 2019-12-03 21:55:18,641 root : Ключ: client_info, Значення: python-requests/2.22.0
